# JRE version: Java(TM) SE Runtime Environment (8.0_25-b18) (build 1.8.0_25-b18)
# Java VM: Java HotSpot(TM) 64-Bit Server VM (25.25-b02 mixed mode windows-amd64 compressed oops)
Heap:
 PSYoungGen      total 172544K, used 104311K [0x00000000eab00000, 0x00000000f8f80000, 0x0000000100000000)
  eden space 124416K, 79% used [0x00000000eab00000,0x00000000f0bd5d50,0x00000000f2480000)
  from space 48128K, 10% used [0x00000000f2480000,0x00000000f2988000,0x00000000f5380000)
  to   space 48128K, 0% used [0x00000000f6080000,0x00000000f6080000,0x00000000f8f80000)
 ParOldGen       total 157696K, used 57320K [0x00000000c0000000, 0x00000000c9a00000, 0x00000000eab00000)
  object space 157696K, 36% used [0x00000000c0000000,0x00000000c37fa290,0x00000000c9a00000)
 Metaspace       used 94720K, capacity 98412K, committed 101504K, reserved 1136640K
  class space    used 12109K, capacity 12813K, committed 13696K, reserved 1048576K
GC Heap History (10 events):
Event: 2161.438 GC heap before
{Heap before GC invocations=55 (full 7):
 PSYoungGen      total 150528K, used 39905K [0x00000000eab00000, 0x00000000f9f80000, 0x0000000100000000)
  eden space 110592K, 0% used [0x00000000eab00000,0x00000000eab00000,0x00000000f1700000)
  from space 39936K, 99% used [0x00000000f4c00000,0x00000000f72f8448,0x00000000f7300000)
  to   space 54272K, 0% used [0x00000000f1700000,0x00000000f1700000,0x00000000f4c00000)
 ParOldGen       total 99840K, used 99826K [0x00000000c0000000, 0x00000000c6180000, 0x00000000eab00000)
  object space 99840K, 99% used [0x00000000c0000000,0x00000000c617ca18,0x00000000c6180000)
 Metaspace       used 95997K, capacity 101134K, committed 101248K, reserved 1136640K
  class space    used 12578K, capacity 13693K, committed 13696K, reserved 1048576K
Event: 2174.700 GC heap after
Heap after GC invocations=55 (full 7):
 PSYoungGen      total 150528K, used 0K [0x00000000eab00000, 0x00000000f9f80000, 0x0000000100000000)
  eden space 110592K, 0% used [0x00000000eab00000,0x00000000eab00000,0x00000000f1700000)
  from space 39936K, 0% used [0x00000000f4c00000,0x00000000f4c00000,0x00000000f7300000)
  to   space 54272K, 0% used [0x00000000f1700000,0x00000000f1700000,0x00000000f4c00000)
 ParOldGen       total 157696K, used 92550K [0x00000000c0000000, 0x00000000c9a00000, 0x00000000eab00000)
  object space 157696K, 58% used [0x00000000c0000000,0x00000000c5a61880,0x00000000c9a00000)
 Metaspace       used 92600K, capacity 96030K, committed 101248K, reserved 1136640K
  class space    used 11918K, capacity 12603K, committed 13696K, reserved 1048576K
}
Event: 2185.956 GC heap before
{Heap before GC invocations=56 (full 7):
 PSYoungGen      total 150528K, used 110592K [0x00000000eab00000, 0x00000000f9f80000, 0x0000000100000000)
  eden space 110592K, 100% used [0x00000000eab00000,0x00000000f1700000,0x00000000f1700000)
  from space 39936K, 0% used [0x00000000f4c00000,0x00000000f4c00000,0x00000000f7300000)
  to   space 54272K, 0% used [0x00000000f1700000,0x00000000f1700000,0x00000000f4c00000)
 ParOldGen       total 157696K, used 92550K [0x00000000c0000000, 0x00000000c9a00000, 0x00000000eab00000)
  object space 157696K, 58% used [0x00000000c0000000,0x00000000c5a61880,0x00000000c9a00000)
 Metaspace       used 94265K, capacity 97796K, committed 101504K, reserved 1136640K
  class space    used 12045K, capacity 12714K, committed 13696K, reserved 1048576K
Event: 2185.991 GC heap after
Heap after GC invocations=56 (full 7):
 PSYoungGen      total 164864K, used 20503K [0x00000000eab00000, 0x00000000f8880000, 0x0000000100000000)
  eden space 110592K, 0% used [0x00000000eab00000,0x00000000eab00000,0x00000000f1700000)
  from space 54272K, 37% used [0x00000000f1700000,0x00000000f2b05cb8,0x00000000f4c00000)
  to   space 51200K, 0% used [0x00000000f5680000,0x00000000f5680000,0x00000000f8880000)
 ParOldGen       total 157696K, used 92558K [0x00000000c0000000, 0x00000000c9a00000, 0x00000000eab00000)
  object space 157696K, 58% used [0x00000000c0000000,0x00000000c5a63880,0x00000000c9a00000)
 Metaspace       used 94265K, capacity 97796K, committed 101504K, reserved 1136640K
  class space    used 12045K, capacity 12714K, committed 13696K, reserved 1048576K
}
Event: 2189.921 GC heap before
{Heap before GC invocations=57 (full 7):
 PSYoungGen      total 164864K, used 29645K [0x00000000eab00000, 0x00000000f8880000, 0x0000000100000000)
  eden space 110592K, 8% used [0x00000000eab00000,0x00000000eb3ed940,0x00000000f1700000)
  from space 54272K, 37% used [0x00000000f1700000,0x00000000f2b05cb8,0x00000000f4c00000)
  to   space 51200K, 0% used [0x00000000f5680000,0x00000000f5680000,0x00000000f8880000)
 ParOldGen       total 157696K, used 92558K [0x00000000c0000000, 0x00000000c9a00000, 0x00000000eab00000)
  object space 157696K, 58% used [0x00000000c0000000,0x00000000c5a63880,0x00000000c9a00000)
 Metaspace       used 94293K, capacity 97820K, committed 101504K, reserved 1136640K
  class space    used 12049K, capacity 12718K, committed 13696K, reserved 1048576K
Event: 2189.960 GC heap after
Heap after GC invocations=57 (full 7):
 PSYoungGen      total 169472K, used 20079K [0x00000000eab00000, 0x00000000f8280000, 0x0000000100000000)
  eden space 124416K, 0% used [0x00000000eab00000,0x00000000eab00000,0x00000000f2480000)
  from space 45056K, 44% used [0x00000000f5680000,0x00000000f6a1bec0,0x00000000f8280000)
  to   space 48128K, 0% used [0x00000000f2480000,0x00000000f2480000,0x00000000f5380000)
 ParOldGen       total 157696K, used 92558K [0x00000000c0000000, 0x00000000c9a00000, 0x00000000eab00000)
  object space 157696K, 58% used [0x00000000c0000000,0x00000000c5a63880,0x00000000c9a00000)
 Metaspace       used 94293K, capacity 97820K, committed 101504K, reserved 1136640K
  class space    used 12049K, capacity 12718K, committed 13696K, reserved 1048576K
}
Event: 2189.960 GC heap before
{Heap before GC invocations=58 (full 8):
 PSYoungGen      total 169472K, used 20079K [0x00000000eab00000, 0x00000000f8280000, 0x0000000100000000)
  eden space 124416K, 0% used [0x00000000eab00000,0x00000000eab00000,0x00000000f2480000)
  from space 45056K, 44% used [0x00000000f5680000,0x00000000f6a1bec0,0x00000000f8280000)
  to   space 48128K, 0% used [0x00000000f2480000,0x00000000f2480000,0x00000000f5380000)
 ParOldGen       total 157696K, used 92558K [0x00000000c0000000, 0x00000000c9a00000, 0x00000000eab00000)
  object space 157696K, 58% used [0x00000000c0000000,0x00000000c5a63880,0x00000000c9a00000)
 Metaspace       used 94293K, capacity 97820K, committed 101504K, reserved 1136640K
  class space    used 12049K, capacity 12718K, committed 13696K, reserved 1048576K
Event: 2190.578 GC heap after
Heap after GC invocations=58 (full 8):
 PSYoungGen      total 169472K, used 0K [0x00000000eab00000, 0x00000000f8280000, 0x0000000100000000)
  eden space 124416K, 0% used [0x00000000eab00000,0x00000000eab00000,0x00000000f2480000)
  from space 45056K, 0% used [0x00000000f5680000,0x00000000f5680000,0x00000000f8280000)
  to   space 48128K, 0% used [0x00000000f2480000,0x00000000f2480000,0x00000000f5380000)
 ParOldGen       total 157696K, used 57320K [0x00000000c0000000, 0x00000000c9a00000, 0x00000000eab00000)
  object space 157696K, 36% used [0x00000000c0000000,0x00000000c37fa290,0x00000000c9a00000)
 Metaspace       used 94281K, capacity 97786K, committed 101504K, reserved 1136640K
  class space    used 12045K, capacity 12711K, committed 13696K, reserved 1048576K
}
Event: 2225.215 GC heap before
{Heap before GC invocations=59 (full 8):
 PSYoungGen      total 169472K, used 124416K [0x00000000eab00000, 0x00000000f8280000, 0x0000000100000000)
  eden space 124416K, 100% used [0x00000000eab00000,0x00000000f2480000,0x00000000f2480000)
  from space 45056K, 0% used [0x00000000f5680000,0x00000000f5680000,0x00000000f8280000)
  to   space 48128K, 0% used [0x00000000f2480000,0x00000000f2480000,0x00000000f5380000)
 ParOldGen       total 157696K, used 57320K [0x00000000c0000000, 0x00000000c9a00000, 0x00000000eab00000)
  object space 157696K, 36% used [0x00000000c0000000,0x00000000c37fa290,0x00000000c9a00000)
 Metaspace       used 94544K, capacity 98152K, committed 101504K, reserved 1136640K
  class space    used 12082K, capacity 12769K, committed 13696K, reserved 1048576K
Event: 2225.224 GC heap after
Heap after GC invocations=59 (full 8):
 PSYoungGen      total 172544K, used 5152K [0x00000000eab00000, 0x00000000f8f80000, 0x0000000100000000)
  eden space 124416K, 0% used [0x00000000eab00000,0x00000000eab00000,0x00000000f2480000)
  from space 48128K, 10% used [0x00000000f2480000,0x00000000f2988000,0x00000000f5380000)
  to   space 48128K, 0% used [0x00000000f6080000,0x00000000f6080000,0x00000000f8f80000)
 ParOldGen       total 157696K, used 57320K [0x00000000c0000000, 0x00000000c9a00000, 0x00000000eab00000)
  object space 157696K, 36% used [0x00000000c0000000,0x00000000c37fa290,0x00000000c9a00000)
 Metaspace       used 94544K, capacity 98152K, committed 101504K, reserved 1136640K
  class space    used 12082K, capacity 12769K, committed 13696K, reserved 1048576K
}

