# JRE version: Java(TM) SE Runtime Environment (8.0_25-b18) (build 1.8.0_25-b18)
# Java VM: Java HotSpot(TM) 64-Bit Server VM (25.25-b02 mixed mode windows-amd64 compressed oops)
Heap:
 PSYoungGen      total 210944K, used 92376K [0x00000000eab00000, 0x00000000fae80000, 0x0000000100000000)
  eden space 167424K, 33% used [0x00000000eab00000,0x00000000ee2585d0,0x00000000f4e80000)
  from space 43520K, 82% used [0x00000000f8400000,0x00000000fa6ddd68,0x00000000fae80000)
  to   space 36864K, 0% used [0x00000000f6000000,0x00000000f6000000,0x00000000f8400000)
 ParOldGen       total 163328K, used 91273K [0x00000000c0000000, 0x00000000c9f80000, 0x00000000eab00000)
  object space 163328K, 55% used [0x00000000c0000000,0x00000000c59227b0,0x00000000c9f80000)
 Metaspace       used 6796K, capacity 7544K, committed 7680K, reserved 1056768K
  class space    used 631K, capacity 688K, committed 768K, reserved 1048576K
GC Heap History (10 events):
Event: 10.007 GC heap before
{Heap before GC invocations=10 (full 1):
 PSYoungGen      total 144384K, used 21486K [0x00000000eab00000, 0x00000000fa900000, 0x0000000100000000)
  eden space 122880K, 0% used [0x00000000eab00000,0x00000000eab00000,0x00000000f2300000)
  from space 21504K, 99% used [0x00000000f2300000,0x00000000f37fb820,0x00000000f3800000)
  to   space 31744K, 0% used [0x00000000f8a00000,0x00000000f8a00000,0x00000000fa900000)
 ParOldGen       total 44032K, used 40751K [0x00000000c0000000, 0x00000000c2b00000, 0x00000000eab00000)
  object space 44032K, 92% used [0x00000000c0000000,0x00000000c27cbe70,0x00000000c2b00000)
 Metaspace       used 6485K, capacity 7256K, committed 7424K, reserved 1056768K
  class space    used 613K, capacity 656K, committed 768K, reserved 1048576K
Event: 13.253 GC heap after
Heap after GC invocations=10 (full 1):
 PSYoungGen      total 144384K, used 14263K [0x00000000eab00000, 0x00000000fa900000, 0x0000000100000000)
  eden space 122880K, 0% used [0x00000000eab00000,0x00000000eab00000,0x00000000f2300000)
  from space 21504K, 66% used [0x00000000f2300000,0x00000000f30eded0,0x00000000f3800000)
  to   space 31744K, 0% used [0x00000000f8a00000,0x00000000f8a00000,0x00000000fa900000)
 ParOldGen       total 86528K, used 43997K [0x00000000c0000000, 0x00000000c5480000, 0x00000000eab00000)
  object space 86528K, 50% used [0x00000000c0000000,0x00000000c2af74b8,0x00000000c5480000)
 Metaspace       used 6485K, capacity 7256K, committed 7424K, reserved 1056768K
  class space    used 613K, capacity 656K, committed 768K, reserved 1048576K
}
Event: 14.151 GC heap before
{Heap before GC invocations=11 (full 1):
 PSYoungGen      total 144384K, used 137143K [0x00000000eab00000, 0x00000000fa900000, 0x0000000100000000)
  eden space 122880K, 100% used [0x00000000eab00000,0x00000000f2300000,0x00000000f2300000)
  from space 21504K, 66% used [0x00000000f2300000,0x00000000f30eded0,0x00000000f3800000)
  to   space 31744K, 0% used [0x00000000f8a00000,0x00000000f8a00000,0x00000000fa900000)
 ParOldGen       total 86528K, used 43997K [0x00000000c0000000, 0x00000000c5480000, 0x00000000eab00000)
  object space 86528K, 50% used [0x00000000c0000000,0x00000000c2af74b8,0x00000000c5480000)
 Metaspace       used 6491K, capacity 7256K, committed 7424K, reserved 1056768K
  class space    used 613K, capacity 656K, committed 768K, reserved 1048576K
Event: 14.301 GC heap after
Heap after GC invocations=11 (full 1):
 PSYoungGen      total 168960K, used 30489K [0x00000000eab00000, 0x00000000fa800000, 0x0000000100000000)
  eden space 138240K, 0% used [0x00000000eab00000,0x00000000eab00000,0x00000000f3200000)
  from space 30720K, 99% used [0x00000000f8a00000,0x00000000fa7c64f0,0x00000000fa800000)
  to   space 36864K, 0% used [0x00000000f6000000,0x00000000f6000000,0x00000000f8400000)
 ParOldGen       total 86528K, used 48256K [0x00000000c0000000, 0x00000000c5480000, 0x00000000eab00000)
  object space 86528K, 55% used [0x00000000c0000000,0x00000000c2f200d8,0x00000000c5480000)
 Metaspace       used 6491K, capacity 7256K, committed 7424K, reserved 1056768K
  class space    used 613K, capacity 656K, committed 768K, reserved 1048576K
}
Event: 15.476 GC heap before
{Heap before GC invocations=12 (full 1):
 PSYoungGen      total 168960K, used 168729K [0x00000000eab00000, 0x00000000fa800000, 0x0000000100000000)
  eden space 138240K, 100% used [0x00000000eab00000,0x00000000f3200000,0x00000000f3200000)
  from space 30720K, 99% used [0x00000000f8a00000,0x00000000fa7c64f0,0x00000000fa800000)
  to   space 36864K, 0% used [0x00000000f6000000,0x00000000f6000000,0x00000000f8400000)
 ParOldGen       total 86528K, used 48256K [0x00000000c0000000, 0x00000000c5480000, 0x00000000eab00000)
  object space 86528K, 55% used [0x00000000c0000000,0x00000000c2f200d8,0x00000000c5480000)
 Metaspace       used 6498K, capacity 7256K, committed 7424K, reserved 1056768K
  class space    used 614K, capacity 656K, committed 768K, reserved 1048576K
Event: 16.061 GC heap after
Heap after GC invocations=12 (full 1):
 PSYoungGen      total 204288K, used 36835K [0x00000000eab00000, 0x00000000fae80000, 0x0000000100000000)
  eden space 167424K, 0% used [0x00000000eab00000,0x00000000eab00000,0x00000000f4e80000)
  from space 36864K, 99% used [0x00000000f6000000,0x00000000f83f8c50,0x00000000f8400000)
  to   space 43520K, 0% used [0x00000000f8400000,0x00000000f8400000,0x00000000fae80000)
 ParOldGen       total 86528K, used 64770K [0x00000000c0000000, 0x00000000c5480000, 0x00000000eab00000)
  object space 86528K, 74% used [0x00000000c0000000,0x00000000c3f40a18,0x00000000c5480000)
 Metaspace       used 6498K, capacity 7256K, committed 7424K, reserved 1056768K
  class space    used 614K, capacity 656K, committed 768K, reserved 1048576K
}
Event: 21.086 GC heap before
{Heap before GC invocations=13 (full 1):
 PSYoungGen      total 204288K, used 204259K [0x00000000eab00000, 0x00000000fae80000, 0x0000000100000000)
  eden space 167424K, 100% used [0x00000000eab00000,0x00000000f4e80000,0x00000000f4e80000)
  from space 36864K, 99% used [0x00000000f6000000,0x00000000f83f8c50,0x00000000f8400000)
  to   space 43520K, 0% used [0x00000000f8400000,0x00000000f8400000,0x00000000fae80000)
 ParOldGen       total 86528K, used 64770K [0x00000000c0000000, 0x00000000c5480000, 0x00000000eab00000)
  object space 86528K, 74% used [0x00000000c0000000,0x00000000c3f40a18,0x00000000c5480000)
 Metaspace       used 6513K, capacity 7320K, committed 7680K, reserved 1056768K
  class space    used 615K, capacity 656K, committed 768K, reserved 1048576K
Event: 21.557 GC heap after
Heap after GC invocations=13 (full 1):
 PSYoungGen      total 210944K, used 38979K [0x00000000eab00000, 0x00000000fae80000, 0x0000000100000000)
  eden space 167424K, 0% used [0x00000000eab00000,0x00000000eab00000,0x00000000f4e80000)
  from space 43520K, 89% used [0x00000000f8400000,0x00000000faa10ed0,0x00000000fae80000)
  to   space 36864K, 0% used [0x00000000f6000000,0x00000000f6000000,0x00000000f8400000)
 ParOldGen       total 91648K, used 91489K [0x00000000c0000000, 0x00000000c5980000, 0x00000000eab00000)
  object space 91648K, 99% used [0x00000000c0000000,0x00000000c5958648,0x00000000c5980000)
 Metaspace       used 6513K, capacity 7320K, committed 7680K, reserved 1056768K
  class space    used 615K, capacity 656K, committed 768K, reserved 1048576K
}
Event: 21.557 GC heap before
{Heap before GC invocations=14 (full 2):
 PSYoungGen      total 210944K, used 38979K [0x00000000eab00000, 0x00000000fae80000, 0x0000000100000000)
  eden space 167424K, 0% used [0x00000000eab00000,0x00000000eab00000,0x00000000f4e80000)
  from space 43520K, 89% used [0x00000000f8400000,0x00000000faa10ed0,0x00000000fae80000)
  to   space 36864K, 0% used [0x00000000f6000000,0x00000000f6000000,0x00000000f8400000)
 ParOldGen       total 91648K, used 91489K [0x00000000c0000000, 0x00000000c5980000, 0x00000000eab00000)
  object space 91648K, 99% used [0x00000000c0000000,0x00000000c5958648,0x00000000c5980000)
 Metaspace       used 6513K, capacity 7320K, committed 7680K, reserved 1056768K
  class space    used 615K, capacity 656K, committed 768K, reserved 1048576K
Event: 24.156 GC heap after
Heap after GC invocations=14 (full 2):
 PSYoungGen      total 210944K, used 35703K [0x00000000eab00000, 0x00000000fae80000, 0x0000000100000000)
  eden space 167424K, 0% used [0x00000000eab00000,0x00000000eab00000,0x00000000f4e80000)
  from space 43520K, 82% used [0x00000000f8400000,0x00000000fa6ddd68,0x00000000fae80000)
  to   space 36864K, 0% used [0x00000000f6000000,0x00000000f6000000,0x00000000f8400000)
 ParOldGen       total 163328K, used 91273K [0x00000000c0000000, 0x00000000c9f80000, 0x00000000eab00000)
  object space 163328K, 55% used [0x00000000c0000000,0x00000000c59227b0,0x00000000c9f80000)
 Metaspace       used 6513K, capacity 7320K, committed 7680K, reserved 1056768K
  class space    used 615K, capacity 656K, committed 768K, reserved 1048576K
}

