# JRE version: Java(TM) SE Runtime Environment (8.0_25-b18) (build 1.8.0_25-b18)
# Java VM: Java HotSpot(TM) 64-Bit Server VM (25.25-b02 mixed mode windows-amd64 compressed oops)
Heap:
 PSYoungGen      total 143872K, used 101695K [0x00000000eab00000, 0x00000000fa700000, 0x0000000100000000)
  eden space 123392K, 82% used [0x00000000eab00000,0x00000000f0e4ff00,0x00000000f2380000)
  from space 20480K, 0% used [0x00000000f2380000,0x00000000f2380000,0x00000000f3780000)
  to   space 30208K, 0% used [0x00000000f8980000,0x00000000f8980000,0x00000000fa700000)
 ParOldGen       total 44032K, used 44023K [0x00000000c0000000, 0x00000000c2b00000, 0x00000000eab00000)
  object space 44032K, 99% used [0x00000000c0000000,0x00000000c2afde00,0x00000000c2b00000)
 Metaspace       used 7253K, capacity 7768K, committed 7936K, reserved 1056768K
  class space    used 666K, capacity 720K, committed 768K, reserved 1048576K
GC Heap History (10 events):
Event: 7.762 GC heap before
{Heap before GC invocations=7 (full 0):
 PSYoungGen      total 72704K, used 72088K [0x00000000eab00000, 0x00000000eff00000, 0x0000000100000000)
  eden space 64000K, 100% used [0x00000000eab00000,0x00000000ee980000,0x00000000ee980000)
  from space 8704K, 92% used [0x00000000ef380000,0x00000000efb662d0,0x00000000efc00000)
  to   space 10240K, 0% used [0x00000000ee980000,0x00000000ee980000,0x00000000ef380000)
 ParOldGen       total 44032K, used 11873K [0x00000000c0000000, 0x00000000c2b00000, 0x00000000eab00000)
  object space 44032K, 26% used [0x00000000c0000000,0x00000000c0b98548,0x00000000c2b00000)
 Metaspace       used 6275K, capacity 7152K, committed 7296K, reserved 1056768K
  class space    used 592K, capacity 616K, committed 640K, reserved 1048576K
Event: 8.131 GC heap after
Heap after GC invocations=7 (full 0):
 PSYoungGen      total 74240K, used 10213K [0x00000000eab00000, 0x00000000f4700000, 0x0000000100000000)
  eden space 64000K, 0% used [0x00000000eab00000,0x00000000eab00000,0x00000000ee980000)
  from space 10240K, 99% used [0x00000000ee980000,0x00000000ef3794d8,0x00000000ef380000)
  to   space 15872K, 0% used [0x00000000f3780000,0x00000000f3780000,0x00000000f4700000)
 ParOldGen       total 44032K, used 19028K [0x00000000c0000000, 0x00000000c2b00000, 0x00000000eab00000)
  object space 44032K, 43% used [0x00000000c0000000,0x00000000c1295028,0x00000000c2b00000)
 Metaspace       used 6275K, capacity 7152K, committed 7296K, reserved 1056768K
  class space    used 592K, capacity 616K, committed 640K, reserved 1048576K
}
Event: 9.728 GC heap before
{Heap before GC invocations=8 (full 0):
 PSYoungGen      total 74240K, used 74213K [0x00000000eab00000, 0x00000000f4700000, 0x0000000100000000)
  eden space 64000K, 100% used [0x00000000eab00000,0x00000000ee980000,0x00000000ee980000)
  from space 10240K, 99% used [0x00000000ee980000,0x00000000ef3794d8,0x00000000ef380000)
  to   space 15872K, 0% used [0x00000000f3780000,0x00000000f3780000,0x00000000f4700000)
 ParOldGen       total 44032K, used 19028K [0x00000000c0000000, 0x00000000c2b00000, 0x00000000eab00000)
  object space 44032K, 43% used [0x00000000c0000000,0x00000000c1295028,0x00000000c2b00000)
 Metaspace       used 6320K, capacity 7152K, committed 7296K, reserved 1056768K
  class space    used 592K, capacity 616K, committed 640K, reserved 1048576K
Event: 10.072 GC heap after
Heap after GC invocations=8 (full 0):
 PSYoungGen      total 139264K, used 15841K [0x00000000eab00000, 0x00000000f5000000, 0x0000000100000000)
  eden space 123392K, 0% used [0x00000000eab00000,0x00000000eab00000,0x00000000f2380000)
  from space 15872K, 99% used [0x00000000f3780000,0x00000000f46f86d8,0x00000000f4700000)
  to   space 20480K, 0% used [0x00000000f2380000,0x00000000f2380000,0x00000000f3780000)
 ParOldGen       total 44032K, used 24012K [0x00000000c0000000, 0x00000000c2b00000, 0x00000000eab00000)
  object space 44032K, 54% used [0x00000000c0000000,0x00000000c1773278,0x00000000c2b00000)
 Metaspace       used 6320K, capacity 7152K, committed 7296K, reserved 1056768K
  class space    used 592K, capacity 616K, committed 640K, reserved 1048576K
}
Event: 13.491 GC heap before
{Heap before GC invocations=9 (full 0):
 PSYoungGen      total 139264K, used 139233K [0x00000000eab00000, 0x00000000f5000000, 0x0000000100000000)
  eden space 123392K, 100% used [0x00000000eab00000,0x00000000f2380000,0x00000000f2380000)
  from space 15872K, 99% used [0x00000000f3780000,0x00000000f46f86d8,0x00000000f4700000)
  to   space 20480K, 0% used [0x00000000f2380000,0x00000000f2380000,0x00000000f3780000)
 ParOldGen       total 44032K, used 24012K [0x00000000c0000000, 0x00000000c2b00000, 0x00000000eab00000)
  object space 44032K, 54% used [0x00000000c0000000,0x00000000c1773278,0x00000000c2b00000)
 Metaspace       used 6469K, capacity 7256K, committed 7424K, reserved 1056768K
  class space    used 612K, capacity 656K, committed 768K, reserved 1048576K
Event: 13.660 GC heap after
Heap after GC invocations=9 (full 0):
 PSYoungGen      total 143872K, used 20457K [0x00000000eab00000, 0x00000000fa700000, 0x0000000100000000)
  eden space 123392K, 0% used [0x00000000eab00000,0x00000000eab00000,0x00000000f2380000)
  from space 20480K, 99% used [0x00000000f2380000,0x00000000f377a4a8,0x00000000f3780000)
  to   space 30208K, 0% used [0x00000000f8980000,0x00000000f8980000,0x00000000fa700000)
 ParOldGen       total 44032K, used 38851K [0x00000000c0000000, 0x00000000c2b00000, 0x00000000eab00000)
  object space 44032K, 88% used [0x00000000c0000000,0x00000000c25f0db0,0x00000000c2b00000)
 Metaspace       used 6469K, capacity 7256K, committed 7424K, reserved 1056768K
  class space    used 612K, capacity 656K, committed 768K, reserved 1048576K
}
Event: 13.660 GC heap before
{Heap before GC invocations=10 (full 1):
 PSYoungGen      total 143872K, used 20457K [0x00000000eab00000, 0x00000000fa700000, 0x0000000100000000)
  eden space 123392K, 0% used [0x00000000eab00000,0x00000000eab00000,0x00000000f2380000)
  from space 20480K, 99% used [0x00000000f2380000,0x00000000f377a4a8,0x00000000f3780000)
  to   space 30208K, 0% used [0x00000000f8980000,0x00000000f8980000,0x00000000fa700000)
 ParOldGen       total 44032K, used 38851K [0x00000000c0000000, 0x00000000c2b00000, 0x00000000eab00000)
  object space 44032K, 88% used [0x00000000c0000000,0x00000000c25f0db0,0x00000000c2b00000)
 Metaspace       used 6469K, capacity 7256K, committed 7424K, reserved 1056768K
  class space    used 612K, capacity 656K, committed 768K, reserved 1048576K
Event: 17.656 GC heap after
Heap after GC invocations=10 (full 1):
 PSYoungGen      total 143872K, used 11216K [0x00000000eab00000, 0x00000000fa700000, 0x0000000100000000)
  eden space 123392K, 0% used [0x00000000eab00000,0x00000000eab00000,0x00000000f2380000)
  from space 20480K, 54% used [0x00000000f2380000,0x00000000f2e74318,0x00000000f3780000)
  to   space 30208K, 0% used [0x00000000f8980000,0x00000000f8980000,0x00000000fa700000)
 ParOldGen       total 44032K, used 43753K [0x00000000c0000000, 0x00000000c2b00000, 0x00000000eab00000)
  object space 44032K, 99% used [0x00000000c0000000,0x00000000c2aba548,0x00000000c2b00000)
 Metaspace       used 6469K, capacity 7256K, committed 7424K, reserved 1056768K
  class space    used 612K, capacity 656K, committed 768K, reserved 1048576K
}
Event: 18.562 GC heap before
{Heap before GC invocations=11 (full 2):
 PSYoungGen      total 143872K, used 134608K [0x00000000eab00000, 0x00000000fa700000, 0x0000000100000000)
  eden space 123392K, 100% used [0x00000000eab00000,0x00000000f2380000,0x00000000f2380000)
  from space 20480K, 54% used [0x00000000f2380000,0x00000000f2e74318,0x00000000f3780000)
  to   space 30208K, 0% used [0x00000000f8980000,0x00000000f8980000,0x00000000fa700000)
 ParOldGen       total 44032K, used 43753K [0x00000000c0000000, 0x00000000c2b00000, 0x00000000eab00000)
  object space 44032K, 99% used [0x00000000c0000000,0x00000000c2aba548,0x00000000c2b00000)
 Metaspace       used 6475K, capacity 7256K, committed 7424K, reserved 1056768K
  class space    used 612K, capacity 656K, committed 768K, reserved 1048576K
Event: 19.348 GC heap after
Heap after GC invocations=11 (full 2):
 PSYoungGen      total 143872K, used 27965K [0x00000000eab00000, 0x00000000fa700000, 0x0000000100000000)
  eden space 123392K, 22% used [0x00000000eab00000,0x00000000ec64f780,0x00000000f2380000)
  from space 20480K, 0% used [0x00000000f2380000,0x00000000f2380000,0x00000000f3780000)
  to   space 30208K, 0% used [0x00000000f8980000,0x00000000f8980000,0x00000000fa700000)
 ParOldGen       total 44032K, used 44023K [0x00000000c0000000, 0x00000000c2b00000, 0x00000000eab00000)
  object space 44032K, 99% used [0x00000000c0000000,0x00000000c2afde00,0x00000000c2b00000)
 Metaspace       used 6475K, capacity 7256K, committed 7424K, reserved 1056768K
  class space    used 612K, capacity 656K, committed 768K, reserved 1048576K
}

