# JRE version: Java(TM) SE Runtime Environment (8.0_25-b18) (build 1.8.0_25-b18)
# Java VM: Java HotSpot(TM) 64-Bit Server VM (25.25-b02 mixed mode windows-amd64 compressed oops)
Heap:
 PSYoungGen      total 31744K, used 15951K [0x00000000eab00000, 0x00000000ed880000, 0x0000000100000000)
  eden space 23040K, 31% used [0x00000000eab00000,0x00000000eb21a778,0x00000000ec180000)
  from space 8704K, 99% used [0x00000000ed000000,0x00000000ed879800,0x00000000ed880000)
  to   space 7168K, 0% used [0x00000000ec180000,0x00000000ec180000,0x00000000ec880000)
 ParOldGen       total 36352K, used 14825K [0x00000000c0000000, 0x00000000c2380000, 0x00000000eab00000)
  object space 36352K, 40% used [0x00000000c0000000,0x00000000c0e7a6a0,0x00000000c2380000)
 Metaspace       used 6327K, capacity 7192K, committed 7424K, reserved 1058816K
  class space    used 614K, capacity 656K, committed 768K, reserved 1048576K
GC Heap History (10 events):
Event: 2.442 GC heap before
{Heap before GC invocations=5 (full 1):
 PSYoungGen      total 18944K, used 18933K [0x00000000eab00000, 0x00000000ec200000, 0x0000000100000000)
  eden space 16384K, 100% used [0x00000000eab00000,0x00000000ebb00000,0x00000000ebb00000)
  from space 2560K, 99% used [0x00000000ebb00000,0x00000000ebd7d6c0,0x00000000ebd80000)
  to   space 2560K, 0% used [0x00000000ebf80000,0x00000000ebf80000,0x00000000ec200000)
 ParOldGen       total 36352K, used 6424K [0x00000000c0000000, 0x00000000c2380000, 0x00000000eab00000)
  object space 36352K, 17% used [0x00000000c0000000,0x00000000c0646120,0x00000000c2380000)
 Metaspace       used 6211K, capacity 7128K, committed 7424K, reserved 1058816K
  class space    used 612K, capacity 656K, committed 768K, reserved 1048576K
Event: 2.468 GC heap after
Heap after GC invocations=5 (full 1):
 PSYoungGen      total 20992K, used 2549K [0x00000000eab00000, 0x00000000ec380000, 0x0000000100000000)
  eden space 18432K, 0% used [0x00000000eab00000,0x00000000eab00000,0x00000000ebd00000)
  from space 2560K, 99% used [0x00000000ebf80000,0x00000000ec1fd6b0,0x00000000ec200000)
  to   space 2560K, 0% used [0x00000000ebd00000,0x00000000ebd00000,0x00000000ebf80000)
 ParOldGen       total 36352K, used 9286K [0x00000000c0000000, 0x00000000c2380000, 0x00000000eab00000)
  object space 36352K, 25% used [0x00000000c0000000,0x00000000c09119b0,0x00000000c2380000)
 Metaspace       used 6211K, capacity 7128K, committed 7424K, reserved 1058816K
  class space    used 612K, capacity 656K, committed 768K, reserved 1048576K
}
Event: 2.673 GC heap before
{Heap before GC invocations=6 (full 1):
 PSYoungGen      total 20992K, used 20981K [0x00000000eab00000, 0x00000000ec380000, 0x0000000100000000)
  eden space 18432K, 100% used [0x00000000eab00000,0x00000000ebd00000,0x00000000ebd00000)
  from space 2560K, 99% used [0x00000000ebf80000,0x00000000ec1fd6b0,0x00000000ec200000)
  to   space 2560K, 0% used [0x00000000ebd00000,0x00000000ebd00000,0x00000000ebf80000)
 ParOldGen       total 36352K, used 9286K [0x00000000c0000000, 0x00000000c2380000, 0x00000000eab00000)
  object space 36352K, 25% used [0x00000000c0000000,0x00000000c09119b0,0x00000000c2380000)
 Metaspace       used 6266K, capacity 7128K, committed 7424K, reserved 1058816K
  class space    used 612K, capacity 656K, committed 768K, reserved 1048576K
Event: 2.691 GC heap after
Heap after GC invocations=6 (full 1):
 PSYoungGen      total 20992K, used 2549K [0x00000000eab00000, 0x00000000ecf80000, 0x0000000100000000)
  eden space 18432K, 0% used [0x00000000eab00000,0x00000000eab00000,0x00000000ebd00000)
  from space 2560K, 99% used [0x00000000ebd00000,0x00000000ebf7d6b0,0x00000000ebf80000)
  to   space 7168K, 0% used [0x00000000ec880000,0x00000000ec880000,0x00000000ecf80000)
 ParOldGen       total 36352K, used 12270K [0x00000000c0000000, 0x00000000c2380000, 0x00000000eab00000)
  object space 36352K, 33% used [0x00000000c0000000,0x00000000c0bfb980,0x00000000c2380000)
 Metaspace       used 6266K, capacity 7128K, committed 7424K, reserved 1058816K
  class space    used 612K, capacity 656K, committed 768K, reserved 1048576K
}
Event: 2.902 GC heap before
{Heap before GC invocations=7 (full 1):
 PSYoungGen      total 20992K, used 20981K [0x00000000eab00000, 0x00000000ecf80000, 0x0000000100000000)
  eden space 18432K, 100% used [0x00000000eab00000,0x00000000ebd00000,0x00000000ebd00000)
  from space 2560K, 99% used [0x00000000ebd00000,0x00000000ebf7d6b0,0x00000000ebf80000)
  to   space 7168K, 0% used [0x00000000ec880000,0x00000000ec880000,0x00000000ecf80000)
 ParOldGen       total 36352K, used 12270K [0x00000000c0000000, 0x00000000c2380000, 0x00000000eab00000)
  object space 36352K, 33% used [0x00000000c0000000,0x00000000c0bfb980,0x00000000c2380000)
 Metaspace       used 6288K, capacity 7128K, committed 7424K, reserved 1058816K
  class space    used 612K, capacity 656K, committed 768K, reserved 1048576K
Event: 2.938 GC heap after
Heap after GC invocations=7 (full 1):
 PSYoungGen      total 30208K, used 5411K [0x00000000eab00000, 0x00000000ed080000, 0x0000000100000000)
  eden space 23040K, 0% used [0x00000000eab00000,0x00000000eab00000,0x00000000ec180000)
  from space 7168K, 75% used [0x00000000ec880000,0x00000000ecdc8d20,0x00000000ecf80000)
  to   space 7168K, 0% used [0x00000000ec180000,0x00000000ec180000,0x00000000ec880000)
 ParOldGen       total 36352K, used 12278K [0x00000000c0000000, 0x00000000c2380000, 0x00000000eab00000)
  object space 36352K, 33% used [0x00000000c0000000,0x00000000c0bfd980,0x00000000c2380000)
 Metaspace       used 6288K, capacity 7128K, committed 7424K, reserved 1058816K
  class space    used 612K, capacity 656K, committed 768K, reserved 1048576K
}
Event: 3.374 GC heap before
{Heap before GC invocations=8 (full 1):
 PSYoungGen      total 30208K, used 28451K [0x00000000eab00000, 0x00000000ed080000, 0x0000000100000000)
  eden space 23040K, 100% used [0x00000000eab00000,0x00000000ec180000,0x00000000ec180000)
  from space 7168K, 75% used [0x00000000ec880000,0x00000000ecdc8d20,0x00000000ecf80000)
  to   space 7168K, 0% used [0x00000000ec180000,0x00000000ec180000,0x00000000ec880000)
 ParOldGen       total 36352K, used 12278K [0x00000000c0000000, 0x00000000c2380000, 0x00000000eab00000)
  object space 36352K, 33% used [0x00000000c0000000,0x00000000c0bfd980,0x00000000c2380000)
 Metaspace       used 6303K, capacity 7192K, committed 7424K, reserved 1058816K
  class space    used 612K, capacity 656K, committed 768K, reserved 1048576K
Event: 3.390 GC heap after
Heap after GC invocations=8 (full 1):
 PSYoungGen      total 30208K, used 7139K [0x00000000eab00000, 0x00000000ed880000, 0x0000000100000000)
  eden space 23040K, 0% used [0x00000000eab00000,0x00000000eab00000,0x00000000ec180000)
  from space 7168K, 99% used [0x00000000ec180000,0x00000000ec878d30,0x00000000ec880000)
  to   space 8704K, 0% used [0x00000000ed000000,0x00000000ed000000,0x00000000ed880000)
 ParOldGen       total 36352K, used 13148K [0x00000000c0000000, 0x00000000c2380000, 0x00000000eab00000)
  object space 36352K, 36% used [0x00000000c0000000,0x00000000c0cd7180,0x00000000c2380000)
 Metaspace       used 6303K, capacity 7192K, committed 7424K, reserved 1058816K
  class space    used 612K, capacity 656K, committed 768K, reserved 1048576K
}
Event: 3.586 GC heap before
{Heap before GC invocations=9 (full 1):
 PSYoungGen      total 30208K, used 30179K [0x00000000eab00000, 0x00000000ed880000, 0x0000000100000000)
  eden space 23040K, 100% used [0x00000000eab00000,0x00000000ec180000,0x00000000ec180000)
  from space 7168K, 99% used [0x00000000ec180000,0x00000000ec878d30,0x00000000ec880000)
  to   space 8704K, 0% used [0x00000000ed000000,0x00000000ed000000,0x00000000ed880000)
 ParOldGen       total 36352K, used 13148K [0x00000000c0000000, 0x00000000c2380000, 0x00000000eab00000)
  object space 36352K, 36% used [0x00000000c0000000,0x00000000c0cd7180,0x00000000c2380000)
 Metaspace       used 6325K, capacity 7192K, committed 7424K, reserved 1058816K
  class space    used 614K, capacity 656K, committed 768K, reserved 1048576K
Event: 3.618 GC heap after
Heap after GC invocations=9 (full 1):
 PSYoungGen      total 31744K, used 8678K [0x00000000eab00000, 0x00000000ed880000, 0x0000000100000000)
  eden space 23040K, 0% used [0x00000000eab00000,0x00000000eab00000,0x00000000ec180000)
  from space 8704K, 99% used [0x00000000ed000000,0x00000000ed879800,0x00000000ed880000)
  to   space 7168K, 0% used [0x00000000ec180000,0x00000000ec180000,0x00000000ec880000)
 ParOldGen       total 36352K, used 14825K [0x00000000c0000000, 0x00000000c2380000, 0x00000000eab00000)
  object space 36352K, 40% used [0x00000000c0000000,0x00000000c0e7a6a0,0x00000000c2380000)
 Metaspace       used 6325K, capacity 7192K, committed 7424K, reserved 1058816K
  class space    used 614K, capacity 656K, committed 768K, reserved 1048576K
}

