# JRE version: Java(TM) SE Runtime Environment (8.0_25-b18) (build 1.8.0_25-b18)
# Java VM: Java HotSpot(TM) 64-Bit Server VM (25.25-b02 mixed mode windows-amd64 compressed oops)
Heap:
 PSYoungGen      total 111104K, used 36254K [0x00000000eab00000, 0x00000000f5b80000, 0x0000000100000000)
  eden space 80896K, 7% used [0x00000000eab00000,0x00000000eb0eadc8,0x00000000efa00000)
  from space 30208K, 99% used [0x00000000efa00000,0x00000000f177ccb8,0x00000000f1780000)
  to   space 37888K, 0% used [0x00000000f3680000,0x00000000f3680000,0x00000000f5b80000)
 ParOldGen       total 72704K, used 50998K [0x00000000c0000000, 0x00000000c4700000, 0x00000000eab00000)
  object space 72704K, 70% used [0x00000000c0000000,0x00000000c31cdb90,0x00000000c4700000)
 Metaspace       used 6813K, capacity 7544K, committed 7680K, reserved 1056768K
  class space    used 631K, capacity 688K, committed 768K, reserved 1048576K
GC Heap History (10 events):
Event: 18.922 GC heap before
{Heap before GC invocations=8 (full 1):
 PSYoungGen      total 53248K, used 50688K [0x00000000eab00000, 0x00000000f4d00000, 0x0000000100000000)
  eden space 50688K, 100% used [0x00000000eab00000,0x00000000edc80000,0x00000000edc80000)
  from space 2560K, 0% used [0x00000000eed80000,0x00000000eed80000,0x00000000ef000000)
  to   space 17408K, 0% used [0x00000000edc80000,0x00000000edc80000,0x00000000eed80000)
 ParOldGen       total 72704K, used 32214K [0x00000000c0000000, 0x00000000c4700000, 0x00000000eab00000)
  object space 72704K, 44% used [0x00000000c0000000,0x00000000c1f75870,0x00000000c4700000)
 Metaspace       used 6445K, capacity 7256K, committed 7424K, reserved 1056768K
  class space    used 612K, capacity 656K, committed 768K, reserved 1048576K
Event: 19.016 GC heap after
Heap after GC invocations=8 (full 1):
 PSYoungGen      total 68096K, used 8141K [0x00000000eab00000, 0x00000000f0f00000, 0x0000000100000000)
  eden space 50688K, 0% used [0x00000000eab00000,0x00000000eab00000,0x00000000edc80000)
  from space 17408K, 46% used [0x00000000edc80000,0x00000000ee473760,0x00000000eed80000)
  to   space 16384K, 0% used [0x00000000eff00000,0x00000000eff00000,0x00000000f0f00000)
 ParOldGen       total 72704K, used 32214K [0x00000000c0000000, 0x00000000c4700000, 0x00000000eab00000)
  object space 72704K, 44% used [0x00000000c0000000,0x00000000c1f75870,0x00000000c4700000)
 Metaspace       used 6445K, capacity 7256K, committed 7424K, reserved 1056768K
  class space    used 612K, capacity 656K, committed 768K, reserved 1048576K
}
Event: 19.813 GC heap before
{Heap before GC invocations=9 (full 1):
 PSYoungGen      total 68096K, used 58829K [0x00000000eab00000, 0x00000000f0f00000, 0x0000000100000000)
  eden space 50688K, 100% used [0x00000000eab00000,0x00000000edc80000,0x00000000edc80000)
  from space 17408K, 46% used [0x00000000edc80000,0x00000000ee473760,0x00000000eed80000)
  to   space 16384K, 0% used [0x00000000eff00000,0x00000000eff00000,0x00000000f0f00000)
 ParOldGen       total 72704K, used 32214K [0x00000000c0000000, 0x00000000c4700000, 0x00000000eab00000)
  object space 72704K, 44% used [0x00000000c0000000,0x00000000c1f75870,0x00000000c4700000)
 Metaspace       used 6462K, capacity 7256K, committed 7424K, reserved 1056768K
  class space    used 612K, capacity 656K, committed 768K, reserved 1048576K
Event: 20.215 GC heap after
Heap after GC invocations=9 (full 1):
 PSYoungGen      total 83456K, used 16022K [0x00000000eab00000, 0x00000000f1a00000, 0x0000000100000000)
  eden space 67072K, 0% used [0x00000000eab00000,0x00000000eab00000,0x00000000eec80000)
  from space 16384K, 97% used [0x00000000eff00000,0x00000000f0ea5bb0,0x00000000f0f00000)
  to   space 18944K, 0% used [0x00000000eec80000,0x00000000eec80000,0x00000000eff00000)
 ParOldGen       total 72704K, used 32214K [0x00000000c0000000, 0x00000000c4700000, 0x00000000eab00000)
  object space 72704K, 44% used [0x00000000c0000000,0x00000000c1f75870,0x00000000c4700000)
 Metaspace       used 6462K, capacity 7256K, committed 7424K, reserved 1056768K
  class space    used 612K, capacity 656K, committed 768K, reserved 1048576K
}
Event: 22.599 GC heap before
{Heap before GC invocations=10 (full 1):
 PSYoungGen      total 83456K, used 83094K [0x00000000eab00000, 0x00000000f1a00000, 0x0000000100000000)
  eden space 67072K, 100% used [0x00000000eab00000,0x00000000eec80000,0x00000000eec80000)
  from space 16384K, 97% used [0x00000000eff00000,0x00000000f0ea5bb0,0x00000000f0f00000)
  to   space 18944K, 0% used [0x00000000eec80000,0x00000000eec80000,0x00000000eff00000)
 ParOldGen       total 72704K, used 32214K [0x00000000c0000000, 0x00000000c4700000, 0x00000000eab00000)
  object space 72704K, 44% used [0x00000000c0000000,0x00000000c1f75870,0x00000000c4700000)
 Metaspace       used 6473K, capacity 7256K, committed 7424K, reserved 1056768K
  class space    used 612K, capacity 656K, committed 768K, reserved 1048576K
Event: 22.949 GC heap after
Heap after GC invocations=10 (full 1):
 PSYoungGen      total 86016K, used 18921K [0x00000000eab00000, 0x00000000f2f80000, 0x0000000100000000)
  eden space 67072K, 0% used [0x00000000eab00000,0x00000000eab00000,0x00000000eec80000)
  from space 18944K, 99% used [0x00000000eec80000,0x00000000efefa438,0x00000000eff00000)
  to   space 24576K, 0% used [0x00000000f1780000,0x00000000f1780000,0x00000000f2f80000)
 ParOldGen       total 72704K, used 39194K [0x00000000c0000000, 0x00000000c4700000, 0x00000000eab00000)
  object space 72704K, 53% used [0x00000000c0000000,0x00000000c2646958,0x00000000c4700000)
 Metaspace       used 6473K, capacity 7256K, committed 7424K, reserved 1056768K
  class space    used 612K, capacity 656K, committed 768K, reserved 1048576K
}
Event: 23.987 GC heap before
{Heap before GC invocations=11 (full 1):
 PSYoungGen      total 86016K, used 85993K [0x00000000eab00000, 0x00000000f2f80000, 0x0000000100000000)
  eden space 67072K, 100% used [0x00000000eab00000,0x00000000eec80000,0x00000000eec80000)
  from space 18944K, 99% used [0x00000000eec80000,0x00000000efefa438,0x00000000eff00000)
  to   space 24576K, 0% used [0x00000000f1780000,0x00000000f1780000,0x00000000f2f80000)
 ParOldGen       total 72704K, used 39194K [0x00000000c0000000, 0x00000000c4700000, 0x00000000eab00000)
  object space 72704K, 53% used [0x00000000c0000000,0x00000000c2646958,0x00000000c4700000)
 Metaspace       used 6477K, capacity 7256K, committed 7424K, reserved 1056768K
  class space    used 613K, capacity 656K, committed 768K, reserved 1048576K
Event: 24.257 GC heap after
Heap after GC invocations=11 (full 1):
 PSYoungGen      total 105472K, used 24564K [0x00000000eab00000, 0x00000000f3b80000, 0x0000000100000000)
  eden space 80896K, 0% used [0x00000000eab00000,0x00000000eab00000,0x00000000efa00000)
  from space 24576K, 99% used [0x00000000f1780000,0x00000000f2f7d190,0x00000000f2f80000)
  to   space 30208K, 0% used [0x00000000efa00000,0x00000000efa00000,0x00000000f1780000)
 ParOldGen       total 72704K, used 43190K [0x00000000c0000000, 0x00000000c4700000, 0x00000000eab00000)
  object space 72704K, 59% used [0x00000000c0000000,0x00000000c2a2db78,0x00000000c4700000)
 Metaspace       used 6477K, capacity 7256K, committed 7424K, reserved 1056768K
  class space    used 613K, capacity 656K, committed 768K, reserved 1048576K
}
Event: 27.456 GC heap before
{Heap before GC invocations=12 (full 1):
 PSYoungGen      total 105472K, used 105460K [0x00000000eab00000, 0x00000000f3b80000, 0x0000000100000000)
  eden space 80896K, 100% used [0x00000000eab00000,0x00000000efa00000,0x00000000efa00000)
  from space 24576K, 99% used [0x00000000f1780000,0x00000000f2f7d190,0x00000000f2f80000)
  to   space 30208K, 0% used [0x00000000efa00000,0x00000000efa00000,0x00000000f1780000)
 ParOldGen       total 72704K, used 43190K [0x00000000c0000000, 0x00000000c4700000, 0x00000000eab00000)
  object space 72704K, 59% used [0x00000000c0000000,0x00000000c2a2db78,0x00000000c4700000)
 Metaspace       used 6787K, capacity 7544K, committed 7680K, reserved 1056768K
  class space    used 631K, capacity 688K, committed 768K, reserved 1048576K
Event: 27.901 GC heap after
Heap after GC invocations=12 (full 1):
 PSYoungGen      total 111104K, used 30195K [0x00000000eab00000, 0x00000000f5b80000, 0x0000000100000000)
  eden space 80896K, 0% used [0x00000000eab00000,0x00000000eab00000,0x00000000efa00000)
  from space 30208K, 99% used [0x00000000efa00000,0x00000000f177ccb8,0x00000000f1780000)
  to   space 37888K, 0% used [0x00000000f3680000,0x00000000f3680000,0x00000000f5b80000)
 ParOldGen       total 72704K, used 50998K [0x00000000c0000000, 0x00000000c4700000, 0x00000000eab00000)
  object space 72704K, 70% used [0x00000000c0000000,0x00000000c31cdb90,0x00000000c4700000)
 Metaspace       used 6787K, capacity 7544K, committed 7680K, reserved 1056768K
  class space    used 631K, capacity 688K, committed 768K, reserved 1048576K
}

